This is XeTeX, Version 3.141592653-2.6-0.999995 (MiKTeX 23.5) (preloaded format=xelatex 2023.9.12)  4 OCT 2024 18:11
entering extended mode
 restricted \write18 enabled.
 file:line:error style messages enabled.
 %&-line parsing enabled.
**c:/Users/m1821/Desktop/homework/计算机体系结构/研讨课/git_project/2024Fall_UCAS_CALAB/p
rj3/report/prj3_16.tex

(c:/Users/m1821/Desktop/homework/计算机体系结构/研讨课/git_project/2024Fall_UCAS_CALAB/pr
j3/report/prj3_16.tex
LaTeX2e <2023-06-01> patch level 1
L3 programming layer <2023-08-29>
(D:\CTEX\MiKTeX\tex/latex/base\article.cls
Document Class: article 2023/05/17 v1.4n Standard LaTeX document class
(D:\CTEX\MiKTeX\tex/latex/base\size11.clo
File: size11.clo 2023/05/17 v1.4n Standard LaTeX file (size option)
)
\c@part=\count181
\c@section=\count182
\c@subsection=\count183
\c@subsubsection=\count184
\c@paragraph=\count185
\c@subparagraph=\count186
\c@figure=\count187
\c@table=\count188
\abovecaptionskip=\skip48
\belowcaptionskip=\skip49
\bibindent=\dimen140
)
(D:\CTEX\MiKTeX\tex/latex/geometry\geometry.sty
Package: geometry 2020/01/02 v5.9 Page Geometry

(D:\CTEX\MiKTeX\tex/latex/graphics\keyval.sty
Package: keyval 2022/05/29 v1.15 key=value parser (DPC)
\KV@toks@=\toks17
)
(D:\CTEX\MiKTeX\tex/generic/iftex\ifvtex.sty
Package: ifvtex 2019/10/25 v1.7 ifvtex legacy package. Use iftex instead.

(D:\CTEX\MiKTeX\tex/generic/iftex\iftex.sty
Package: iftex 2022/02/03 v1.0f TeX engine tests
))
\Gm@cnth=\count189
\Gm@cntv=\count190
\c@Gm@tempcnt=\count191
\Gm@bindingoffset=\dimen141
\Gm@wd@mp=\dimen142
\Gm@odd@mp=\dimen143
\Gm@even@mp=\dimen144
\Gm@layoutwidth=\dimen145
\Gm@layoutheight=\dimen146
\Gm@layouthoffset=\dimen147
\Gm@layoutvoffset=\dimen148
\Gm@dimlist=\toks18

(D:\CTEX\MiKTeX\tex/latex/geometry\geometry.cfg))
(D:\CTEX\MiKTeX\tex/latex/ctex\ctex.sty
(D:\CTEX\MiKTeX\tex/latex/l3kernel\expl3.sty
Package: expl3 2023-08-29 L3 programming layer (loader) 

(D:\CTEX\MiKTeX\tex/latex/l3backend\l3backend-xetex.def
File: l3backend-xetex.def 2023-04-19 L3 backend support: XeTeX
\g__graphics_track_int=\count192
\l__pdf_internal_box=\box51
\g__pdf_backend_object_int=\count193
\g__pdf_backend_annotation_int=\count194
\g__pdf_backend_link_int=\count195
))
Package: ctex 2022/07/14 v2.5.10 Chinese adapter in LaTeX (CTEX)

(D:\CTEX\MiKTeX\tex/latex/ctex\ctexhook.sty
Package: ctexhook 2022/07/14 v2.5.10 Document and package hooks (CTEX)
)
(D:\CTEX\MiKTeX\tex/latex/ctex\ctexpatch.sty
Package: ctexpatch 2022/07/14 v2.5.10 Patching commands (CTEX)
)
(D:\CTEX\MiKTeX\tex/latex/base\fix-cm.sty
Package: fix-cm 2020/11/24 v1.1t fixes to LaTeX

(D:\CTEX\MiKTeX\tex/latex/base\ts1enc.def
File: ts1enc.def 2001/06/05 v3.0e (jk/car/fm) Standard LaTeX file
LaTeX Font Info:    Redeclaring font encoding TS1 on input line 47.
))
\l__ctex_tmp_int=\count196
\l__ctex_tmp_box=\box52
\l__ctex_tmp_dim=\dimen149
\g__ctex_section_depth_int=\count197
\g__ctex_font_size_int=\count198

(D:\CTEX\CTeX\tex/latex/ctex/cfg\ctexopts.cfg)
(D:\CTEX\MiKTeX\tex/latex/ctex/engine\ctex-engine-xetex.def
File: ctex-engine-xetex.def 2022/07/14 v2.5.10 XeLaTeX adapter (CTEX)

(D:\CTEX\MiKTeX\tex/xelatex/xecjk\xeCJK.sty
Package: xeCJK 2022/08/05 v3.9.1 Typesetting CJK scripts with XeLaTeX

(D:\CTEX\MiKTeX\tex/latex/l3packages/xtemplate\xtemplate.sty
Package: xtemplate 2023-08-29 L3 Experimental prototype document functions
\l__xtemplate_tmp_dim=\dimen150
\l__xtemplate_tmp_int=\count199
\l__xtemplate_tmp_muskip=\muskip16
\l__xtemplate_tmp_skip=\skip50
)
\l__xeCJK_tmp_int=\count266
\l__xeCJK_tmp_box=\box53
\l__xeCJK_tmp_dim=\dimen151
\l__xeCJK_tmp_skip=\skip51
\g__xeCJK_space_factor_int=\count267
\l__xeCJK_begin_int=\count268
\l__xeCJK_end_int=\count269
\c__xeCJK_CJK_class_int=\XeTeXcharclass1
\c__xeCJK_FullLeft_class_int=\XeTeXcharclass2
\c__xeCJK_FullRight_class_int=\XeTeXcharclass3
\c__xeCJK_HalfLeft_class_int=\XeTeXcharclass4
\c__xeCJK_HalfRight_class_int=\XeTeXcharclass5
\c__xeCJK_NormalSpace_class_int=\XeTeXcharclass6
\c__xeCJK_CM_class_int=\XeTeXcharclass7
\c__xeCJK_HangulJamo_class_int=\XeTeXcharclass8
\l__xeCJK_last_skip=\skip52
\c__xeCJK_none_node=\count270
\g__xeCJK_node_int=\count271
\c__xeCJK_CJK_node_dim=\dimen152
\c__xeCJK_CJK-space_node_dim=\dimen153
\c__xeCJK_default_node_dim=\dimen154
\c__xeCJK_CJK-widow_node_dim=\dimen155
\c__xeCJK_normalspace_node_dim=\dimen156
\c__xeCJK_default-space_node_skip=\skip53
\l__xeCJK_ccglue_skip=\skip54
\l__xeCJK_ecglue_skip=\skip55
\l__xeCJK_punct_kern_skip=\skip56
\l__xeCJK_indent_box=\box54
\l__xeCJK_last_penalty_int=\count272
\l__xeCJK_last_bound_dim=\dimen157
\l__xeCJK_last_kern_dim=\dimen158
\l__xeCJK_widow_penalty_int=\count273

Package xtemplate Info: Declaring object type 'xeCJK/punctuation' taking 0
(xtemplate)             argument(s) on line 2396.

\l__xeCJK_fixed_punct_width_dim=\dimen159
\l__xeCJK_mixed_punct_width_dim=\dimen160
\l__xeCJK_middle_punct_width_dim=\dimen161
\l__xeCJK_fixed_margin_width_dim=\dimen162
\l__xeCJK_mixed_margin_width_dim=\dimen163
\l__xeCJK_middle_margin_width_dim=\dimen164
\l__xeCJK_bound_punct_width_dim=\dimen165
\l__xeCJK_bound_margin_width_dim=\dimen166
\l__xeCJK_margin_minimum_dim=\dimen167
\l__xeCJK_kerning_total_width_dim=\dimen168
\l__xeCJK_same_align_margin_dim=\dimen169
\l__xeCJK_different_align_margin_dim=\dimen170
\l__xeCJK_kerning_margin_width_dim=\dimen171
\l__xeCJK_kerning_margin_minimum_dim=\dimen172
\l__xeCJK_bound_dim=\dimen173
\l__xeCJK_reverse_bound_dim=\dimen174
\l__xeCJK_margin_dim=\dimen175
\l__xeCJK_minimum_bound_dim=\dimen176
\l__xeCJK_kerning_margin_dim=\dimen177
\g__xeCJK_family_int=\count274
\l__xeCJK_fam_int=\count275
\g__xeCJK_fam_allocation_int=\count276
\l__xeCJK_verb_case_int=\count277
\l__xeCJK_verb_exspace_skip=\skip57

(D:\CTEX\MiKTeX\tex/latex/fontspec\fontspec.sty
(D:\CTEX\MiKTeX\tex/latex/l3packages/xparse\xparse.sty
Package: xparse 2023-08-29 L3 Experimental document command parser
)
Package: fontspec 2022/01/15 v2.8a Font selection for XeLaTeX and LuaLaTeX

(D:\CTEX\MiKTeX\tex/latex/fontspec\fontspec-xetex.sty
Package: fontspec-xetex 2022/01/15 v2.8a Font selection for XeLaTeX and LuaLaTe
X
\l__fontspec_script_int=\count278
\l__fontspec_language_int=\count279
\l__fontspec_strnum_int=\count280
\l__fontspec_tmp_int=\count281
\l__fontspec_tmpa_int=\count282
\l__fontspec_tmpb_int=\count283
\l__fontspec_tmpc_int=\count284
\l__fontspec_em_int=\count285
\l__fontspec_emdef_int=\count286
\l__fontspec_strong_int=\count287
\l__fontspec_strongdef_int=\count288
\l__fontspec_tmpa_dim=\dimen178
\l__fontspec_tmpb_dim=\dimen179
\l__fontspec_tmpc_dim=\dimen180

(D:\CTEX\MiKTeX\tex/latex/base\fontenc.sty
Package: fontenc 2021/04/29 v2.0v Standard LaTeX package
)
(D:\CTEX\MiKTeX\tex/latex/fontspec\fontspec.cfg)))
(D:\CTEX\MiKTeX\tex/xelatex/xecjk\xeCJK.cfg
File: xeCJK.cfg 2022/08/05 v3.9.1 Configuration file for xeCJK package
))
\ccwd=\dimen181
\l__ctex_ccglue_skip=\skip58
)
\l__ctex_ziju_dim=\dimen182

(D:\CTEX\MiKTeX\tex/latex/zhnumber\zhnumber.sty
Package: zhnumber 2022/07/14 v3.0 Typesetting numbers with Chinese glyphs
\l__zhnum_scale_int=\count289
\l__zhnum_tmp_int=\count290

(D:\CTEX\MiKTeX\tex/latex/zhnumber\zhnumber-utf8.cfg
File: zhnumber-utf8.cfg 2022/07/14 v3.0 Chinese numerals with UTF8 encoding
))
(D:\CTEX\MiKTeX\tex/latex/ctex/scheme\ctex-scheme-chinese.def
File: ctex-scheme-chinese.def 2022/07/14 v2.5.10 Chinese scheme for generic (CT
EX)

(D:\CTEX\MiKTeX\tex/latex/ctex/config\ctex-name-utf8.cfg
File: ctex-name-utf8.cfg 2022/07/14 v2.5.10 Caption with encoding UTF-8 (CTEX)
))
(D:\CTEX\MiKTeX\tex/latex/tools\indentfirst.sty
Package: indentfirst 1995/11/23 v1.03 Indent first paragraph (DPC)
)
(D:\CTEX\MiKTeX\tex/latex/ctex/fontset\ctex-fontset-windows.def
File: ctex-fontset-windows.def 2022/07/14 v2.5.10 Windows fonts definition (CTE
X)

Package fontspec Info: Could not resolve font "KaiTi/B" (it probably doesn't
(fontspec)             exist).


Package fontspec Info: Could not resolve font "SimHei/I" (it probably doesn't
(fontspec)             exist).


Package fontspec Info: Could not resolve font "SimSun/BI" (it probably doesn't
(fontspec)             exist).


Package fontspec Info: Font family 'SimSun(0)' created for font 'SimSun' with
(fontspec)             options
(fontspec)             [Script={CJK},BoldFont={SimHei},ItalicFont={KaiTi}].
(fontspec)              
(fontspec)              This font family consists of the following NFSS
(fontspec)             series/shapes:
(fontspec)              
(fontspec)             - 'normal' (m/n) with NFSS spec.:
(fontspec)             <->"SimSun/OT:script=hani;language=dflt;"
(fontspec)             - 'small caps'  (m/sc) with NFSS spec.: 
(fontspec)             - 'bold' (b/n) with NFSS spec.:
(fontspec)             <->"SimHei/OT:script=hani;language=dflt;"
(fontspec)             - 'bold small caps'  (b/sc) with NFSS spec.: 
(fontspec)             - 'italic' (m/it) with NFSS spec.:
(fontspec)             <->"KaiTi/OT:script=hani;language=dflt;"
(fontspec)             - 'italic small caps'  (m/scit) with NFSS spec.: 

))
(D:\CTEX\MiKTeX\tex/latex/ctex/config\ctex.cfg
File: ctex.cfg 2022/07/14 v2.5.10 Configuration file (CTEX)
)
(D:\CTEX\MiKTeX\tex/latex/amsmath\amsmath.sty
Package: amsmath 2023/05/13 v2.17o AMS math features
\@mathmargin=\skip59

For additional information on amsmath, use the `?' option.
(D:\CTEX\MiKTeX\tex/latex/amsmath\amstext.sty
Package: amstext 2021/08/26 v2.01 AMS text

(D:\CTEX\MiKTeX\tex/latex/amsmath\amsgen.sty
File: amsgen.sty 1999/11/30 v2.0 generic functions
\@emptytoks=\toks19
\ex@=\dimen183
))
(D:\CTEX\MiKTeX\tex/latex/amsmath\amsbsy.sty
Package: amsbsy 1999/11/29 v1.2d Bold Symbols
\pmbraise@=\dimen184
)
(D:\CTEX\MiKTeX\tex/latex/amsmath\amsopn.sty
Package: amsopn 2022/04/08 v2.04 operator names
)
\inf@bad=\count291
LaTeX Info: Redefining \frac on input line 234.
\uproot@=\count292
\leftroot@=\count293
LaTeX Info: Redefining \overline on input line 399.
LaTeX Info: Redefining \colon on input line 410.
\classnum@=\count294
\DOTSCASE@=\count295
LaTeX Info: Redefining \ldots on input line 496.
LaTeX Info: Redefining \dots on input line 499.
LaTeX Info: Redefining \cdots on input line 620.
\Mathstrutbox@=\box55
\strutbox@=\box56
LaTeX Info: Redefining \big on input line 722.
LaTeX Info: Redefining \Big on input line 723.
LaTeX Info: Redefining \bigg on input line 724.
LaTeX Info: Redefining \Bigg on input line 725.
\big@size=\dimen185
LaTeX Font Info:    Redeclaring font encoding OML on input line 743.
LaTeX Font Info:    Redeclaring font encoding OMS on input line 744.
\macc@depth=\count296
LaTeX Info: Redefining \bmod on input line 905.
LaTeX Info: Redefining \pmod on input line 910.
LaTeX Info: Redefining \smash on input line 940.
LaTeX Info: Redefining \relbar on input line 970.
LaTeX Info: Redefining \Relbar on input line 971.
\c@MaxMatrixCols=\count297
\dotsspace@=\muskip17
\c@parentequation=\count298
\dspbrk@lvl=\count299
\tag@help=\toks20
\row@=\count300
\column@=\count301
\maxfields@=\count302
\andhelp@=\toks21
\eqnshift@=\dimen186
\alignsep@=\dimen187
\tagshift@=\dimen188
\tagwidth@=\dimen189
\totwidth@=\dimen190
\lineht@=\dimen191
\@envbody=\toks22
\multlinegap=\skip60
\multlinetaggap=\skip61
\mathdisplay@stack=\toks23
LaTeX Info: Redefining \[ on input line 2953.
LaTeX Info: Redefining \] on input line 2954.
)
(D:\CTEX\MiKTeX\tex/latex/amsfonts\amsfonts.sty
Package: amsfonts 2013/01/14 v3.01 Basic AMSFonts support
\symAMSa=\mathgroup4
\symAMSb=\mathgroup5
LaTeX Font Info:    Redeclaring math symbol \hbar on input line 98.
LaTeX Font Info:    Overwriting math alphabet `\mathfrak' in version `bold'
(Font)                  U/euf/m/n --> U/euf/b/n on input line 106.
)
(D:\CTEX\MiKTeX\tex/latex/graphics\graphicx.sty
Package: graphicx 2021/09/16 v1.2d Enhanced LaTeX Graphics (DPC,SPQR)

(D:\CTEX\MiKTeX\tex/latex/graphics\graphics.sty
Package: graphics 2022/03/10 v1.4e Standard LaTeX Graphics (DPC,SPQR)

(D:\CTEX\MiKTeX\tex/latex/graphics\trig.sty
Package: trig 2021/08/11 v1.11 sin cos tan (DPC)
)
(D:\CTEX\MiKTeX\tex/latex/graphics-cfg\graphics.cfg
File: graphics.cfg 2016/06/04 v1.11 sample graphics configuration
)
Package graphics Info: Driver file: xetex.def on input line 107.

(D:\CTEX\MiKTeX\tex/latex/graphics-def\xetex.def
File: xetex.def 2022/09/22 v5.0n Graphics/color driver for xetex
))
\Gin@req@height=\dimen192
\Gin@req@width=\dimen193
)
(D:\CTEX\MiKTeX\tex/latex/subfigure\subfigure.sty
Package: subfigure 2002/07/30 v2.1.4 subfigure package
\subfigtopskip=\skip62
\subfigcapskip=\skip63
\subfigcaptopadj=\dimen194
\subfigbottomskip=\skip64
\subfigcapmargin=\dimen195
\subfiglabelskip=\skip65
\c@subfigure=\count303
\c@lofdepth=\count304
\c@subtable=\count305
\c@lotdepth=\count306

****************************************
* Local config file subfigure.cfg used *
****************************************
(D:\CTEX\MiKTeX\tex/latex/subfigure\subfigure.cfg)
\subfig@top=\skip66
\subfig@bottom=\skip67
)
(D:\CTEX\MiKTeX\tex/latex/amsfonts\amssymb.sty
Package: amssymb 2013/01/14 v3.01 AMS font symbols
)
(D:\CTEX\MiKTeX\tex/latex/tools\bm.sty
Package: bm 2022/01/05 v1.2f Bold Symbol Support (DPC/FMi)
\symboldoperators=\mathgroup6
\symboldletters=\mathgroup7
\symboldsymbols=\mathgroup8
Package bm Info: No bold for \OMX/cmex/m/n, using \pmb.
Package bm Info: No bold for \U/msa/m/n, using \pmb.
Package bm Info: No bold for \U/msb/m/n, using \pmb.
LaTeX Font Info:    Redeclaring math alphabet \mathbf on input line 149.
)
(D:\CTEX\MiKTeX\tex/latex/amscls\amsthm.sty
Package: amsthm 2020/05/29 v2.20.6
\thm@style=\toks24
\thm@bodyfont=\toks25
\thm@headfont=\toks26
\thm@notefont=\toks27
\thm@headpunct=\toks28
\thm@preskip=\skip68
\thm@postskip=\skip69
\thm@headsep=\skip70
\dth@everypar=\toks29
)
(D:\CTEX\MiKTeX\tex/latex/jknappen\mathrsfs.sty
Package: mathrsfs 1996/01/01 Math RSFS package v1.0 (jk)
\symrsfs=\mathgroup9
)
(D:\CTEX\MiKTeX\tex/latex/mathtools\mathtools.sty
Package: mathtools 2022/06/29 v1.29 mathematical typesetting tools

(D:\CTEX\MiKTeX\tex/latex/tools\calc.sty
Package: calc 2017/05/25 v4.3 Infix arithmetic (KKT,FJ)
\calc@Acount=\count307
\calc@Bcount=\count308
\calc@Adimen=\dimen196
\calc@Bdimen=\dimen197
\calc@Askip=\skip71
\calc@Bskip=\skip72
LaTeX Info: Redefining \setlength on input line 80.
LaTeX Info: Redefining \addtolength on input line 81.
\calc@Ccount=\count309
\calc@Cskip=\skip73
)
(D:\CTEX\MiKTeX\tex/latex/mathtools\mhsetup.sty
Package: mhsetup 2021/03/18 v1.4 programming setup (MH)
)
\g_MT_multlinerow_int=\count310
\l_MT_multwidth_dim=\dimen198
\origjot=\skip74
\l_MT_shortvdotswithinadjustabove_dim=\dimen199
\l_MT_shortvdotswithinadjustbelow_dim=\dimen256
\l_MT_above_intertext_sep=\dimen257
\l_MT_below_intertext_sep=\dimen258
\l_MT_above_shortintertext_sep=\dimen259
\l_MT_below_shortintertext_sep=\dimen260
\xmathstrut@box=\box57
\xmathstrut@dim=\dimen261
)
(D:\CTEX\MiKTeX\tex/latex/breqn\breqn.sty
Package: breqn 2021/10/28 v0.98l Breaking equations

(D:\CTEX\MiKTeX\tex/latex/breqn\flexisym.sty
Package: flexisym 2021/10/28 v0.98l Make math characters macros
LaTeX Info: Redefining \textprime on input line 299.
LaTeX Info: Redefining \not on input line 357.

(D:\CTEX\MiKTeX\tex/latex/breqn\cmbase.sym
File: cmbase.sym 2007/12/19 v0.92
LaTeX Info: Redefining \hbar on input line 324.
LaTeX Info: Redefining \surd on input line 326.
LaTeX Info: Redefining \angle on input line 334.
LaTeX Info: Redefining \neq on input line 335.
LaTeX Info: Redefining \mapsto on input line 336.
LaTeX Info: Redefining \cong on input line 337.
LaTeX Info: Redefining \notin on input line 340.
LaTeX Info: Redefining \rightleftharpoons on input line 341.
LaTeX Info: Redefining \doteq on input line 342.
LaTeX Info: Redefining \hookrightarrow on input line 343.
LaTeX Info: Redefining \hookleftarrow on input line 344.
LaTeX Info: Redefining \bowtie on input line 345.
LaTeX Info: Redefining \models on input line 346.
LaTeX Info: Redefining \Longrightarrow on input line 347.
LaTeX Info: Redefining \longrightarrow on input line 348.
LaTeX Info: Redefining \Longleftarrow on input line 349.
LaTeX Info: Redefining \longleftarrow on input line 350.
LaTeX Info: Redefining \longmapsto on input line 351.
LaTeX Info: Redefining \longleftrightarrow on input line 352.
LaTeX Info: Redefining \Longleftrightarrow on input line 353.
LaTeX Info: Redefining \cdots on input line 357.
LaTeX Info: Redefining \vdots on input line 360.
LaTeX Info: Redefining \ddots on input line 365.
)
(D:\CTEX\MiKTeX\tex/latex/breqn\mathstyle.sty
Package: mathstyle 2021/10/28 v0.98l Tracking mathstyle implicitly
LaTeX Info: Redefining \displaystyle on input line 95.
LaTeX Info: Redefining \textstyle on input line 97.
LaTeX Info: Redefining \scriptstyle on input line 99.
LaTeX Info: Redefining \scriptscriptstyle on input line 101.
LaTeX Info: Redefining \genfrac on input line 149.
))
\inf@bad=\count311
\maxint=\count312
\listwidth=\dimen262
\eqnumsep=\dimen263
\eqmargin=\dimen264
\eqlinespacing=\skip75
\eqlineskip=\skip76
\eqlineskiplimit=\dimen265
\eqbinoffset=\muskip18
\eqdelimoffset=\muskip19
\eqindentstep=\dimen266
\eqstyle=\toks30
\eqbreakdepth=\count313
\eqinterlinepenalty=\count314
\intereqpenalty=\count315
\intereqskip=\skip77
\prerelpenalty=\count316
\prebinoppenalty=\count317
\Dmedmuskip=\muskip20
\Dthickmuskip=\muskip21
\eqleftskip=\skip78
\eqrightskip=\skip79
\eq@vspan=\skip80
\eq@binoffset=\muskip22
\EQ@box=\box58
\EQ@copy=\box59
\EQ@numbox=\box60
\eq@wdNum=\dimen267
\GRP@numbox=\box61
\grp@wdNum=\dimen268
\eq@lines=\count318
\eq@curline=\count319
\eq@badness=\count320
\EQ@vims=\count321
\eq@dp=\dimen269
\eq@wdL=\dimen270
\eq@wdT=\dimen271
\eq@wdMin=\dimen272
\grp@wdL=\dimen273
\grp@wdR=\dimen274
\grp@wdT=\dimen275
\eq@wdRmax=\dimen276
\eq@firstht=\dimen277
\eq@wdCond=\dimen278
\eq@indentstep=\dimen279
\eq@linewidth=\dimen280
\grp@linewidth=\dimen281
\eq@hshift=\dimen282
\eq@given@sidespace=\dimen283
\mathindent=\dimen284
\eq@final@linecount=\count322
\eq@wdR=\dimen285
\EQ@continue=\toks31
\lr@level=\count323
\GRP@queue=\toks32
\GRP@box=\box62
\GRP@wholebox=\box63
\darraycolsep=\skip81
\cur@row=\count324
\cur@col=\count325
\conditionsep=\skip82
)
(D:\CTEX\MiKTeX\tex/latex/algorithms\algorithm.sty
Invalid UTF-8 byte or sequence at line 11 replaced by U+FFFD.
Package: algorithm 2009/08/24 v0.1 Document Style `algorithm' - floating enviro
nment

(D:\CTEX\MiKTeX\tex/latex/float\float.sty
Package: float 2001/11/08 v1.3d Float enhancements (AL)
\c@float@type=\count326
\float@exts=\toks33
\float@box=\box64
\@float@everytoks=\toks34
\@floatcapt=\box65
)
(D:\CTEX\MiKTeX\tex/latex/base\ifthen.sty
Package: ifthen 2022/04/13 v1.1d Standard LaTeX ifthen package (DPC)
)
\@float@every@algorithm=\toks35
\c@algorithm=\count327
)
(D:\CTEX\MiKTeX\tex/latex/algorithmicx\algorithmicx.sty
Package: algorithmicx 2005/04/27 v1.2 Algorithmicx

Document Style algorithmicx 1.2 - a greatly improved `algorithmic' style
\c@ALG@line=\count328
\c@ALG@rem=\count329
\c@ALG@nested=\count330
\ALG@tlm=\skip83
\ALG@thistlm=\skip84
\c@ALG@Lnr=\count331
\c@ALG@blocknr=\count332
\c@ALG@storecount=\count333
\c@ALG@tmpcounter=\count334
\ALG@tmplength=\skip85
) (D:\CTEX\MiKTeX\tex/latex/algorithmicx\algpseudocode.sty
Package: algpseudocode 

Document Style - pseudocode environments for use with the `algorithmicx' style
) (D:\CTEX\MiKTeX\tex/latex/fancyhdr\fancyhdr.sty
Package: fancyhdr 2022/11/09 v4.1 Extensive control of page headers and footers

\f@nch@headwidth=\skip86
\f@nch@O@elh=\skip87
\f@nch@O@erh=\skip88
\f@nch@O@olh=\skip89
\f@nch@O@orh=\skip90
\f@nch@O@elf=\skip91
\f@nch@O@erf=\skip92
\f@nch@O@olf=\skip93
\f@nch@O@orf=\skip94
)
(D:\CTEX\MiKTeX\tex/latex/mdframed\mdframed.sty
Package: mdframed 2013/07/01 1.9b: mdframed

(D:\CTEX\MiKTeX\tex/latex/kvoptions\kvoptions.sty
Package: kvoptions 2022-06-15 v3.15 Key value format for package options (HO)

(D:\CTEX\MiKTeX\tex/generic/ltxcmds\ltxcmds.sty
Package: ltxcmds 2020-05-10 v1.25 LaTeX kernel commands for general use (HO)
)
(D:\CTEX\MiKTeX\tex/latex/kvsetkeys\kvsetkeys.sty
Package: kvsetkeys 2022-10-05 v1.19 Key value parser (HO)
))
(D:\CTEX\MiKTeX\tex/latex/etoolbox\etoolbox.sty
Package: etoolbox 2020/10/05 v2.5k e-TeX tools for LaTeX (JAW)
\etb@tempcnta=\count335
)
(D:\CTEX\MiKTeX\tex/latex/zref\zref-abspage.sty
Package: zref-abspage 2022-04-07 v2.34 Module abspage for zref (HO)

(D:\CTEX\MiKTeX\tex/latex/zref\zref-base.sty
Package: zref-base 2022-04-07 v2.34 Module base for zref (HO)

(D:\CTEX\MiKTeX\tex/generic/infwarerr\infwarerr.sty
Package: infwarerr 2019/12/03 v1.5 Providing info/warning/error messages (HO)
)
(D:\CTEX\MiKTeX\tex/generic/kvdefinekeys\kvdefinekeys.sty
Package: kvdefinekeys 2019-12-19 v1.6 Define keys (HO)
)
(D:\CTEX\MiKTeX\tex/generic/pdftexcmds\pdftexcmds.sty
Package: pdftexcmds 2020-06-27 v0.33 Utility functions of pdfTeX for LuaTeX (HO
)
Package pdftexcmds Info: \pdf@primitive is available.
Package pdftexcmds Info: \pdf@ifprimitive is available.
Package pdftexcmds Info: \pdfdraftmode not found.
)
(D:\CTEX\MiKTeX\tex/generic/etexcmds\etexcmds.sty
Package: etexcmds 2019/12/15 v1.7 Avoid name clashes with e-TeX commands (HO)
)
(D:\CTEX\MiKTeX\tex/latex/auxhook\auxhook.sty
Package: auxhook 2019-12-17 v1.6 Hooks for auxiliary files (HO)
)
Package zref Info: New property list: main on input line 767.
Package zref Info: New property: default on input line 768.
Package zref Info: New property: page on input line 769.
)
(D:\CTEX\MiKTeX\tex/latex/base\atbegshi-ltx.sty
Package: atbegshi-ltx 2021/01/10 v1.0c Emulation of the original atbegshi
package with kernel methods
)
\c@abspage=\count336
Package zref Info: New property: abspage on input line 65.
)
(D:\CTEX\MiKTeX\tex/latex/needspace\needspace.sty
Package: needspace 2010/09/12 v1.3d reserve vertical space
)
(D:\CTEX\MiKTeX\tex/latex/graphics\color.sty
Package: color 2022/01/06 v1.3d Standard LaTeX Color (DPC)

(D:\CTEX\MiKTeX\tex/latex/graphics-cfg\color.cfg
File: color.cfg 2016/01/02 v1.6 sample color configuration
)
Package color Info: Driver file: xetex.def on input line 149.

(D:\CTEX\MiKTeX\tex/latex/graphics\mathcolor.ltx))
\mdf@templength=\skip95
\c@mdf@globalstyle@cnt=\count337
\mdf@skipabove@length=\skip96
\mdf@skipbelow@length=\skip97
\mdf@leftmargin@length=\skip98
\mdf@rightmargin@length=\skip99
\mdf@innerleftmargin@length=\skip100
\mdf@innerrightmargin@length=\skip101
\mdf@innertopmargin@length=\skip102
\mdf@innerbottommargin@length=\skip103
\mdf@splittopskip@length=\skip104
\mdf@splitbottomskip@length=\skip105
\mdf@outermargin@length=\skip106
\mdf@innermargin@length=\skip107
\mdf@linewidth@length=\skip108
\mdf@innerlinewidth@length=\skip109
\mdf@middlelinewidth@length=\skip110
\mdf@outerlinewidth@length=\skip111
\mdf@roundcorner@length=\skip112
\mdf@footenotedistance@length=\skip113
\mdf@userdefinedwidth@length=\skip114
\mdf@needspace@length=\skip115
\mdf@frametitleaboveskip@length=\skip116
\mdf@frametitlebelowskip@length=\skip117
\mdf@frametitlerulewidth@length=\skip118
\mdf@frametitleleftmargin@length=\skip119
\mdf@frametitlerightmargin@length=\skip120
\mdf@shadowsize@length=\skip121
\mdf@extratopheight@length=\skip122
\mdf@subtitleabovelinewidth@length=\skip123
\mdf@subtitlebelowlinewidth@length=\skip124
\mdf@subtitleaboveskip@length=\skip125
\mdf@subtitlebelowskip@length=\skip126
\mdf@subtitleinneraboveskip@length=\skip127
\mdf@subtitleinnerbelowskip@length=\skip128
\mdf@subsubtitleabovelinewidth@length=\skip129
\mdf@subsubtitlebelowlinewidth@length=\skip130
\mdf@subsubtitleaboveskip@length=\skip131
\mdf@subsubtitlebelowskip@length=\skip132
\mdf@subsubtitleinneraboveskip@length=\skip133
\mdf@subsubtitleinnerbelowskip@length=\skip134

(D:\CTEX\MiKTeX\tex/latex/pgf/frontendlayer\tikz.sty
(D:\CTEX\MiKTeX\tex/latex/pgf/basiclayer\pgf.sty
(D:\CTEX\MiKTeX\tex/latex/pgf/utilities\pgfrcs.sty
(D:\CTEX\MiKTeX\tex/generic/pgf/utilities\pgfutil-common.tex
\pgfutil@everybye=\toks36
\pgfutil@tempdima=\dimen286
\pgfutil@tempdimb=\dimen287
)
(D:\CTEX\MiKTeX\tex/generic/pgf/utilities\pgfutil-latex.def
\pgfutil@abb=\box66
)
(D:\CTEX\MiKTeX\tex/generic/pgf/utilities\pgfrcs.code.tex
(D:\CTEX\MiKTeX\tex/generic/pgf\pgf.revision.tex)
Package: pgfrcs 2023-01-15 v3.1.10 (3.1.10)
))
Package: pgf 2023-01-15 v3.1.10 (3.1.10)

(D:\CTEX\MiKTeX\tex/latex/pgf/basiclayer\pgfcore.sty
(D:\CTEX\MiKTeX\tex/latex/pgf/systemlayer\pgfsys.sty
(D:\CTEX\MiKTeX\tex/generic/pgf/systemlayer\pgfsys.code.tex
Package: pgfsys 2023-01-15 v3.1.10 (3.1.10)

(D:\CTEX\MiKTeX\tex/generic/pgf/utilities\pgfkeys.code.tex
\pgfkeys@pathtoks=\toks37
\pgfkeys@temptoks=\toks38

(D:\CTEX\MiKTeX\tex/generic/pgf/utilities\pgfkeyslibraryfiltered.code.tex
\pgfkeys@tmptoks=\toks39
))
\pgf@x=\dimen288
\pgf@y=\dimen289
\pgf@xa=\dimen290
\pgf@ya=\dimen291
\pgf@xb=\dimen292
\pgf@yb=\dimen293
\pgf@xc=\dimen294
\pgf@yc=\dimen295
\pgf@xd=\dimen296
\pgf@yd=\dimen297
\w@pgf@writea=\write3
\r@pgf@reada=\read2
\c@pgf@counta=\count338
\c@pgf@countb=\count339
\c@pgf@countc=\count340
\c@pgf@countd=\count341
\t@pgf@toka=\toks40
\t@pgf@tokb=\toks41
\t@pgf@tokc=\toks42
\pgf@sys@id@count=\count342

(D:\CTEX\MiKTeX\tex/generic/pgf/systemlayer\pgf.cfg
File: pgf.cfg 2023-01-15 v3.1.10 (3.1.10)
)
Driver file for pgf: pgfsys-xetex.def

(D:\CTEX\MiKTeX\tex/generic/pgf/systemlayer\pgfsys-xetex.def
File: pgfsys-xetex.def 2023-01-15 v3.1.10 (3.1.10)

(D:\CTEX\MiKTeX\tex/generic/pgf/systemlayer\pgfsys-dvipdfmx.def
File: pgfsys-dvipdfmx.def 2023-01-15 v3.1.10 (3.1.10)

(D:\CTEX\MiKTeX\tex/generic/pgf/systemlayer\pgfsys-common-pdf.def
File: pgfsys-common-pdf.def 2023-01-15 v3.1.10 (3.1.10)
)
\pgfsys@objnum=\count343
)))
(D:\CTEX\MiKTeX\tex/generic/pgf/systemlayer\pgfsyssoftpath.code.tex
File: pgfsyssoftpath.code.tex 2023-01-15 v3.1.10 (3.1.10)
\pgfsyssoftpath@smallbuffer@items=\count344
\pgfsyssoftpath@bigbuffer@items=\count345
)
(D:\CTEX\MiKTeX\tex/generic/pgf/systemlayer\pgfsysprotocol.code.tex
File: pgfsysprotocol.code.tex 2023-01-15 v3.1.10 (3.1.10)
))
(D:\CTEX\MiKTeX\tex/latex/xcolor\xcolor.sty
Package: xcolor 2022/06/12 v2.14 LaTeX color extensions (UK)

(D:\CTEX\MiKTeX\tex/latex/graphics-cfg\color.cfg
File: color.cfg 2016/01/02 v1.6 sample color configuration
)
Package xcolor Info: Driver file: xetex.def on input line 227.
LaTeX Info: Redefining \color on input line 711.

(D:\CTEX\MiKTeX\tex/latex/graphics\mathcolor.ltx)
Package xcolor Info: Model `cmy' substituted by `cmy0' on input line 1353.
Package xcolor Info: Model `RGB' extended on input line 1369.
Package xcolor Info: Model `HTML' substituted by `rgb' on input line 1371.
Package xcolor Info: Model `Hsb' substituted by `hsb' on input line 1372.
Package xcolor Info: Model `tHsb' substituted by `hsb' on input line 1373.
Package xcolor Info: Model `HSB' substituted by `hsb' on input line 1374.
Package xcolor Info: Model `Gray' substituted by `gray' on input line 1375.
Package xcolor Info: Model `wave' substituted by `hsb' on input line 1376.
)
(D:\CTEX\MiKTeX\tex/generic/pgf/basiclayer\pgfcore.code.tex
Package: pgfcore 2023-01-15 v3.1.10 (3.1.10)

(D:\CTEX\MiKTeX\tex/generic/pgf/math\pgfmath.code.tex
(D:\CTEX\MiKTeX\tex/generic/pgf/math\pgfmathutil.code.tex)
(D:\CTEX\MiKTeX\tex/generic/pgf/math\pgfmathparser.code.tex
\pgfmath@dimen=\dimen298
\pgfmath@count=\count346
\pgfmath@box=\box67
\pgfmath@toks=\toks43
\pgfmath@stack@operand=\toks44
\pgfmath@stack@operation=\toks45
)
(D:\CTEX\MiKTeX\tex/generic/pgf/math\pgfmathfunctions.code.tex)
(D:\CTEX\MiKTeX\tex/generic/pgf/math\pgfmathfunctions.basic.code.tex)
(D:\CTEX\MiKTeX\tex/generic/pgf/math\pgfmathfunctions.trigonometric.code.tex)
(D:\CTEX\MiKTeX\tex/generic/pgf/math\pgfmathfunctions.random.code.tex)
(D:\CTEX\MiKTeX\tex/generic/pgf/math\pgfmathfunctions.comparison.code.tex)
(D:\CTEX\MiKTeX\tex/generic/pgf/math\pgfmathfunctions.base.code.tex)
(D:\CTEX\MiKTeX\tex/generic/pgf/math\pgfmathfunctions.round.code.tex)
(D:\CTEX\MiKTeX\tex/generic/pgf/math\pgfmathfunctions.misc.code.tex)
(D:\CTEX\MiKTeX\tex/generic/pgf/math\pgfmathfunctions.integerarithmetics.code.t
ex) (D:\CTEX\MiKTeX\tex/generic/pgf/math\pgfmathcalc.code.tex)
(D:\CTEX\MiKTeX\tex/generic/pgf/math\pgfmathfloat.code.tex
\c@pgfmathroundto@lastzeros=\count347
))
(D:\CTEX\MiKTeX\tex/generic/pgf/math\pgfint.code.tex)
(D:\CTEX\MiKTeX\tex/generic/pgf/basiclayer\pgfcorepoints.code.tex
File: pgfcorepoints.code.tex 2023-01-15 v3.1.10 (3.1.10)
\pgf@picminx=\dimen299
\pgf@picmaxx=\dimen300
\pgf@picminy=\dimen301
\pgf@picmaxy=\dimen302
\pgf@pathminx=\dimen303
\pgf@pathmaxx=\dimen304
\pgf@pathminy=\dimen305
\pgf@pathmaxy=\dimen306
\pgf@xx=\dimen307
\pgf@xy=\dimen308
\pgf@yx=\dimen309
\pgf@yy=\dimen310
\pgf@zx=\dimen311
\pgf@zy=\dimen312
)
(D:\CTEX\MiKTeX\tex/generic/pgf/basiclayer\pgfcorepathconstruct.code.tex
File: pgfcorepathconstruct.code.tex 2023-01-15 v3.1.10 (3.1.10)
\pgf@path@lastx=\dimen313
\pgf@path@lasty=\dimen314
)
(D:\CTEX\MiKTeX\tex/generic/pgf/basiclayer\pgfcorepathusage.code.tex
File: pgfcorepathusage.code.tex 2023-01-15 v3.1.10 (3.1.10)
\pgf@shorten@end@additional=\dimen315
\pgf@shorten@start@additional=\dimen316
)
(D:\CTEX\MiKTeX\tex/generic/pgf/basiclayer\pgfcorescopes.code.tex
File: pgfcorescopes.code.tex 2023-01-15 v3.1.10 (3.1.10)
\pgfpic=\box68
\pgf@hbox=\box69
\pgf@layerbox@main=\box70
\pgf@picture@serial@count=\count348
)
(D:\CTEX\MiKTeX\tex/generic/pgf/basiclayer\pgfcoregraphicstate.code.tex
File: pgfcoregraphicstate.code.tex 2023-01-15 v3.1.10 (3.1.10)
\pgflinewidth=\dimen317
)
(D:\CTEX\MiKTeX\tex/generic/pgf/basiclayer\pgfcoretransformations.code.tex
File: pgfcoretransformations.code.tex 2023-01-15 v3.1.10 (3.1.10)
\pgf@pt@x=\dimen318
\pgf@pt@y=\dimen319
\pgf@pt@temp=\dimen320
)
(D:\CTEX\MiKTeX\tex/generic/pgf/basiclayer\pgfcorequick.code.tex
File: pgfcorequick.code.tex 2023-01-15 v3.1.10 (3.1.10)
)
(D:\CTEX\MiKTeX\tex/generic/pgf/basiclayer\pgfcoreobjects.code.tex
File: pgfcoreobjects.code.tex 2023-01-15 v3.1.10 (3.1.10)
)
(D:\CTEX\MiKTeX\tex/generic/pgf/basiclayer\pgfcorepathprocessing.code.tex
File: pgfcorepathprocessing.code.tex 2023-01-15 v3.1.10 (3.1.10)
)
(D:\CTEX\MiKTeX\tex/generic/pgf/basiclayer\pgfcorearrows.code.tex
File: pgfcorearrows.code.tex 2023-01-15 v3.1.10 (3.1.10)
\pgfarrowsep=\dimen321
)
(D:\CTEX\MiKTeX\tex/generic/pgf/basiclayer\pgfcoreshade.code.tex
File: pgfcoreshade.code.tex 2023-01-15 v3.1.10 (3.1.10)
\pgf@max=\dimen322
\pgf@sys@shading@range@num=\count349
\pgf@shadingcount=\count350
)
(D:\CTEX\MiKTeX\tex/generic/pgf/basiclayer\pgfcoreimage.code.tex
File: pgfcoreimage.code.tex 2023-01-15 v3.1.10 (3.1.10)
)
(D:\CTEX\MiKTeX\tex/generic/pgf/basiclayer\pgfcoreexternal.code.tex
File: pgfcoreexternal.code.tex 2023-01-15 v3.1.10 (3.1.10)
\pgfexternal@startupbox=\box71
)
(D:\CTEX\MiKTeX\tex/generic/pgf/basiclayer\pgfcorelayers.code.tex
File: pgfcorelayers.code.tex 2023-01-15 v3.1.10 (3.1.10)
)
(D:\CTEX\MiKTeX\tex/generic/pgf/basiclayer\pgfcoretransparency.code.tex
File: pgfcoretransparency.code.tex 2023-01-15 v3.1.10 (3.1.10)
)
(D:\CTEX\MiKTeX\tex/generic/pgf/basiclayer\pgfcorepatterns.code.tex
File: pgfcorepatterns.code.tex 2023-01-15 v3.1.10 (3.1.10)
)
(D:\CTEX\MiKTeX\tex/generic/pgf/basiclayer\pgfcorerdf.code.tex
File: pgfcorerdf.code.tex 2023-01-15 v3.1.10 (3.1.10)
)))
(D:\CTEX\MiKTeX\tex/generic/pgf/modules\pgfmoduleshapes.code.tex
File: pgfmoduleshapes.code.tex 2023-01-15 v3.1.10 (3.1.10)
\pgfnodeparttextbox=\box72
)
(D:\CTEX\MiKTeX\tex/generic/pgf/modules\pgfmoduleplot.code.tex
File: pgfmoduleplot.code.tex 2023-01-15 v3.1.10 (3.1.10)
)
(D:\CTEX\MiKTeX\tex/latex/pgf/compatibility\pgfcomp-version-0-65.sty
Package: pgfcomp-version-0-65 2023-01-15 v3.1.10 (3.1.10)
\pgf@nodesepstart=\dimen323
\pgf@nodesepend=\dimen324
)
(D:\CTEX\MiKTeX\tex/latex/pgf/compatibility\pgfcomp-version-1-18.sty
Package: pgfcomp-version-1-18 2023-01-15 v3.1.10 (3.1.10)
))
(D:\CTEX\MiKTeX\tex/latex/pgf/utilities\pgffor.sty
(D:\CTEX\MiKTeX\tex/latex/pgf/utilities\pgfkeys.sty
(D:\CTEX\MiKTeX\tex/generic/pgf/utilities\pgfkeys.code.tex))
(D:\CTEX\MiKTeX\tex/latex/pgf/math\pgfmath.sty
(D:\CTEX\MiKTeX\tex/generic/pgf/math\pgfmath.code.tex))
(D:\CTEX\MiKTeX\tex/generic/pgf/utilities\pgffor.code.tex
Package: pgffor 2023-01-15 v3.1.10 (3.1.10)
\pgffor@iter=\dimen325
\pgffor@skip=\dimen326
\pgffor@stack=\toks46
\pgffor@toks=\toks47
))
(D:\CTEX\MiKTeX\tex/generic/pgf/frontendlayer/tikz\tikz.code.tex
Package: tikz 2023-01-15 v3.1.10 (3.1.10)

(D:\CTEX\MiKTeX\tex/generic/pgf/libraries\pgflibraryplothandlers.code.tex
File: pgflibraryplothandlers.code.tex 2023-01-15 v3.1.10 (3.1.10)
\pgf@plot@mark@count=\count351
\pgfplotmarksize=\dimen327
)
\tikz@lastx=\dimen328
\tikz@lasty=\dimen329
\tikz@lastxsaved=\dimen330
\tikz@lastysaved=\dimen331
\tikz@lastmovetox=\dimen332
\tikz@lastmovetoy=\dimen333
\tikzleveldistance=\dimen334
\tikzsiblingdistance=\dimen335
\tikz@figbox=\box73
\tikz@figbox@bg=\box74
\tikz@tempbox=\box75
\tikz@tempbox@bg=\box76
\tikztreelevel=\count352
\tikznumberofchildren=\count353
\tikznumberofcurrentchild=\count354
\tikz@fig@count=\count355

(D:\CTEX\MiKTeX\tex/generic/pgf/modules\pgfmodulematrix.code.tex
File: pgfmodulematrix.code.tex 2023-01-15 v3.1.10 (3.1.10)
\pgfmatrixcurrentrow=\count356
\pgfmatrixcurrentcolumn=\count357
\pgf@matrix@numberofcolumns=\count358
)
\tikz@expandcount=\count359

(D:\CTEX\MiKTeX\tex/generic/pgf/frontendlayer/tikz/libraries\tikzlibrarytopaths
.code.tex
File: tikzlibrarytopaths.code.tex 2023-01-15 v3.1.10 (3.1.10)
))) (D:\CTEX\MiKTeX\tex/latex/mdframed\md-frame-1.mdf
File: md-frame-1.mdf 2013/07/01\ 1.9b: md-frame-1
)
\mdf@frametitlebox=\box77
\mdf@footnotebox=\box78
\mdf@splitbox@one=\box79
\mdf@splitbox@two=\box80
\mdf@splitbox@save=\box81
\mdfsplitboxwidth=\skip135
\mdfsplitboxtotalwidth=\skip136
\mdfsplitboxheight=\skip137
\mdfsplitboxdepth=\skip138
\mdfsplitboxtotalheight=\skip139
\mdfframetitleboxwidth=\skip140
\mdfframetitleboxtotalwidth=\skip141
\mdfframetitleboxheight=\skip142
\mdfframetitleboxdepth=\skip143
\mdfframetitleboxtotalheight=\skip144
\mdffootnoteboxwidth=\skip145
\mdffootnoteboxtotalwidth=\skip146
\mdffootnoteboxheight=\skip147
\mdffootnoteboxdepth=\skip148
\mdffootnoteboxtotalheight=\skip149
\mdftotallinewidth=\skip150
\mdfboundingboxwidth=\skip151
\mdfboundingboxtotalwidth=\skip152
\mdfboundingboxheight=\skip153
\mdfboundingboxdepth=\skip154
\mdfboundingboxtotalheight=\skip155
\mdf@freevspace@length=\skip156
\mdf@horizontalwidthofbox@length=\skip157
\mdf@verticalmarginwhole@length=\skip158
\mdf@horizontalspaceofbox=\skip159
\mdfsubtitleheight=\skip160
\mdfsubsubtitleheight=\skip161
\c@mdfcountframes=\count360

****** mdframed patching \endmdf@trivlist

****** -- success******

\mdf@envdepth=\count361
\c@mdf@env@i=\count362
\c@mdf@env@ii=\count363
\c@mdf@zref@counter=\count364
Package zref Info: New property: mdf@pagevalue on input line 895.
)
(D:\CTEX\MiKTeX\tex/latex/adjustbox\adjustbox.sty
Package: adjustbox 2022/10/17 v1.3a Adjusting TeX boxes (trim, clip, ...)

(D:\CTEX\MiKTeX\tex/latex/xkeyval\xkeyval.sty
Package: xkeyval 2022/06/16 v2.9 package option processing (HA)

(D:\CTEX\MiKTeX\tex/generic/xkeyval\xkeyval.tex
(D:\CTEX\MiKTeX\tex/generic/xkeyval\xkvutils.tex
\XKV@toks=\toks48
\XKV@tempa@toks=\toks49
)
\XKV@depth=\count365
File: xkeyval.tex 2014/12/03 v2.7a key=value parser (HA)
))
(D:\CTEX\MiKTeX\tex/latex/adjustbox\adjcalc.sty
Package: adjcalc 2012/05/16 v1.1 Provides advanced setlength with multiple back
-ends (calc, etex, pgfmath)
)
(D:\CTEX\MiKTeX\tex/latex/adjustbox\trimclip.sty
Package: trimclip 2020/08/19 v1.2 Trim and clip general TeX material

(D:\CTEX\MiKTeX\tex/latex/collectbox\collectbox.sty
Package: collectbox 2022/10/17 v0.4c Collect macro arguments as boxes
\collectedbox=\box82
)
\tc@llx=\dimen336
\tc@lly=\dimen337
\tc@urx=\dimen338
\tc@ury=\dimen339
Package trimclip Info: Using driver 'tc-xetex.def'.

(D:\CTEX\MiKTeX\tex/latex/adjustbox\tc-xetex.def
File: tc-xetex.def 2019/01/04 v2.2 Clipping driver for xetex
))
\adjbox@Width=\dimen340
\adjbox@Height=\dimen341
\adjbox@Depth=\dimen342
\adjbox@Totalheight=\dimen343
\adjbox@pwidth=\dimen344
\adjbox@pheight=\dimen345
\adjbox@pdepth=\dimen346
\adjbox@ptotalheight=\dimen347

(D:\CTEX\MiKTeX\tex/latex/ifoddpage\ifoddpage.sty
Package: ifoddpage 2022/10/18 v1.2 Conditionals for odd/even page detection
\c@checkoddpage=\count366
)
(D:\CTEX\MiKTeX\tex/latex/varwidth\varwidth.sty
Package: varwidth 2009/03/30 ver 0.92;  Variable-width minipages
\@vwid@box=\box83
\sift@deathcycles=\count367
\@vwid@loff=\dimen348
\@vwid@roff=\dimen349
))
(D:\CTEX\MiKTeX\tex/latex/fontsize\fontsize.sty
Package: fontsize 2021/08/04 v0.8.5 'fontsize' package. Set main font sizes (Iv
an Valbusa)

(D:\CTEX\MiKTeX\tex/latex/l3packages/xfp\xfp.sty
Package: xfp 2023-08-29 L3 Floating point unit
))
(D:\CTEX\MiKTeX\tex/latex/tools\multicol.sty
Package: multicol 2023/03/30 v1.9f multicolumn formatting (FMi)
\c@tracingmulticols=\count368
\mult@box=\box84
\multicol@leftmargin=\dimen350
\c@unbalance=\count369
\c@collectmore=\count370
\doublecol@number=\count371
\multicoltolerance=\count372
\multicolpretolerance=\count373
\full@width=\dimen351
\page@free=\dimen352
\premulticols=\dimen353
\postmulticols=\dimen354
\multicolsep=\skip162
\multicolbaselineskip=\skip163
\partial@page=\box85
\last@line=\box86
\mc@boxedresult=\box87
\maxbalancingoverflow=\dimen355
\mult@rightbox=\box88
\mult@grightbox=\box89
\mult@firstbox=\box90
\mult@gfirstbox=\box91
\@tempa=\box92
\@tempa=\box93
\@tempa=\box94
\@tempa=\box95
\@tempa=\box96
\@tempa=\box97
\@tempa=\box98
\@tempa=\box99
\@tempa=\box100
\@tempa=\box101
\@tempa=\box102
\@tempa=\box103
\@tempa=\box104
\@tempa=\box105
\@tempa=\box106
\@tempa=\box107
\@tempa=\box108
\@tempa=\box109
\@tempa=\box110
\@tempa=\box111
\@tempa=\box112
\@tempa=\box113
\@tempa=\box114
\@tempa=\box115
\@tempa=\box116
\@tempa=\box117
\@tempa=\box118
\@tempa=\box119
\@tempa=\box120
\@tempa=\box121
\@tempa=\box122
\@tempa=\box123
\@tempa=\box124
\@tempa=\box125
\@tempa=\box126
\@tempa=\box127
\c@minrows=\count374
\c@columnbadness=\count375
\c@finalcolumnbadness=\count376
\last@try=\dimen356
\multicolovershoot=\dimen357
\multicolundershoot=\dimen358
\mult@nat@firstbox=\box128
\colbreak@box=\box129
\mc@col@check@num=\count377
)
(D:\CTEX\MiKTeX\tex/latex/multirow\multirow.sty
Package: multirow 2021/03/15 v2.8 Span multiple rows of a table
\multirow@colwidth=\skip164
\multirow@cntb=\count378
\multirow@dima=\skip165
\bigstrutjot=\dimen359
)
(D:\CTEX\MiKTeX\tex/latex/pdfpages\pdfpages.sty
Package: pdfpages 2024/01/21 v0.5y Insert pages of external PDF documents (AM)

(D:\CTEX\MiKTeX\tex/latex/eso-pic\eso-pic.sty
Package: eso-pic 2023/05/03 v3.0c eso-pic (RN)
\ESO@tempdima=\dimen360
\ESO@tempdimb=\dimen361
)
\AM@pagewidth=\dimen362
\AM@pageheight=\dimen363
\AM@fboxrule=\dimen364

(D:\CTEX\MiKTeX\tex/latex/pdfpages\ppxetex.def
File: ppxetex.def 2024/01/21 v0.5y Pdfpages driver for XeTeX (AM)
)
\pdfpages@includegraphics@status=\count379
\AM@pagebox=\box130
\AM@global@opts=\toks50
\AM@pagecnt=\count380
\AM@toc@title=\toks51
\AM@lof@heading=\toks52
\c@AM@survey=\count381
\AM@templatesizebox=\box131
)
(D:\CTEX\MiKTeX\tex/latex/listings\listings.sty
\lst@mode=\count382
\lst@gtempboxa=\box132
\lst@token=\toks53
\lst@length=\count383
\lst@currlwidth=\dimen365
\lst@column=\count384
\lst@pos=\count385
\lst@lostspace=\dimen366
\lst@width=\dimen367
\lst@newlines=\count386
\lst@lineno=\count387
\lst@maxwidth=\dimen368

(D:\CTEX\MiKTeX\tex/latex/listings\lstmisc.sty
File: lstmisc.sty 2023/02/27 1.9 (Carsten Heinz)
\c@lstnumber=\count388
\lst@skipnumbers=\count389
\lst@framebox=\box133
)
(D:\CTEX\MiKTeX\tex/latex/listings\listings.cfg
File: listings.cfg 2023/02/27 1.9 listings configuration
))
Package: listings 2023/02/27 1.9 (Carsten Heinz)

(D:\CTEX\MiKTeX\tex/xelatex/xecjk\xeCJK-listings.sty
Package: xeCJK-listings 2022/08/05 v3.9.1 xeCJK patch file for listings
\l__xeCJK_listings_max_char_int=\count390
\l__xeCJK_listings_flag_int=\count391
)
(D:\CTEX\MiKTeX\tex/latex/wrapfig\wrapfig.sty
\wrapoverhang=\dimen369
\WF@size=\dimen370
\c@WF@wrappedlines=\count392
\WF@box=\box134
\WF@everypar=\toks54
Package: wrapfig 2003/01/31  v 3.6
)
(D:\CTEX\MiKTeX\tex/latex/multirow\bigstrut.sty
Package: bigstrut 2021/03/15 v2.8 Provide larger struts in tabulars
)
(D:\CTEX\MiKTeX\tex/latex/graphics\rotating.sty
Package: rotating 2016/08/11 v2.16d rotated objects in LaTeX
\c@r@tfl@t=\count393
\rotFPtop=\skip166
\rotFPbot=\skip167
\rot@float@box=\box135
\rot@mess@toks=\toks55
)
(D:\CTEX\MiKTeX\tex/latex/booktabs\booktabs.sty
Package: booktabs 2020/01/12 v1.61803398 Publication quality tables
\heavyrulewidth=\dimen371
\lightrulewidth=\dimen372
\cmidrulewidth=\dimen373
\belowrulesep=\dimen374
\belowbottomsep=\dimen375
\aboverulesep=\dimen376
\abovetopsep=\dimen377
\cmidrulesep=\dimen378
\cmidrulekern=\dimen379
\defaultaddspace=\dimen380
\@cmidla=\count394
\@cmidlb=\count395
\@aboverulesep=\dimen381
\@belowrulesep=\dimen382
\@thisruleclass=\count396
\@lastruleclass=\count397
\@thisrulewidth=\dimen383
)
(D:\CTEX\MiKTeX\tex/latex/circuitikz\circuitikz.sty
Package: circuitikz 2024/02/09{} The CircuiTikz circuit drawing package version
 1.6.7

(D:\CTEX\MiKTeX\tex/generic/pgf/frontendlayer/tikz/libraries\tikzlibrarycalc.co
de.tex
File: tikzlibrarycalc.code.tex 2023-01-15 v3.1.10 (3.1.10)
)
(D:\CTEX\MiKTeX\tex/generic/pgf/libraries\pgflibraryarrows.meta.code.tex
File: pgflibraryarrows.meta.code.tex 2023-01-15 v3.1.10 (3.1.10)
\pgfarrowinset=\dimen384
\pgfarrowlength=\dimen385
\pgfarrowwidth=\dimen386
\pgfarrowlinewidth=\dimen387
)
(D:\CTEX\MiKTeX\tex/generic/pgf/frontendlayer/tikz/libraries\tikzlibrarybending
.code.tex
File: tikzlibrarybending.code.tex 2023-01-15 v3.1.10 (3.1.10)
 (D:\CTEX\MiKTeX\tex/generic/pgf/modules\pgfmodulebending.code.tex
File: pgfmodulebending.code.tex 2023-01-15 v3.1.10 (3.1.10)

(D:\CTEX\MiKTeX\tex/generic/pgf/modules\pgfmodulenonlineartransformations.code.
tex
File: pgfmodulenonlineartransformations.code.tex 2023-01-15 v3.1.10 (3.1.10)
\pgftransformnonlinearflatness=\dimen388
) (D:\CTEX\MiKTeX\tex/generic/pgf/libraries\pgflibrarycurvilinear.code.tex
File: pgflibrarycurvilinear.code.tex 2023-01-15 v3.1.10 (3.1.10)
\pgf@curvilinear@time@a=\dimen389
\pgf@curvilinear@length@a=\dimen390
\pgf@curvilinear@length@b=\dimen391
\pgf@curvilinear@length@c=\dimen392
\pgf@curvilinear@length@d=\dimen393
)
\pgf@arrows@the@rigidity=\dimen394
))
(D:\CTEX\MiKTeX\tex/generic/pgf/frontendlayer/tikz/libraries\tikzlibraryfpu.cod
e.tex (D:\CTEX\MiKTeX\tex/generic/pgf/libraries\pgflibraryfpu.code.tex))
(D:\CTEX\MiKTeX\tex/generic/circuitikz\pgfcirc.defines.tex
\pgf@circ@count@a=\count398
\pgf@circ@count@b=\count399
\pgf@circ@count@c=\count400
\pgf@circ@res@up=\dimen395
\pgf@circ@res@down=\dimen396
\pgf@circ@res@zero=\dimen397
\pgf@circ@res@left=\dimen398
\pgf@circ@res@right=\dimen399
\pgf@circ@res@other=\dimen400
\pgf@circ@res@step=\dimen401
\pgf@circ@res@temp=\dimen402
\pgf@circ@Rlen=\dimen403
\pgf@circ@scaled@Rlen=\dimen404
\pgfstartlinewidth=\dimen405
)
(D:\CTEX\MiKTeX\tex/generic/circuitikz\pgfcircutils.tex
\ctikz@scratchbox=\box136
)
(D:\CTEX\MiKTeX\tex/generic/circuitikz\pgfcircpath.tex)
(D:\CTEX\MiKTeX\tex/generic/circuitikz\pgfcircshapes.tex)
(D:\CTEX\MiKTeX\tex/generic/circuitikz\pgfcircmonopoles.tex)
(D:\CTEX\MiKTeX\tex/generic/circuitikz\pgfcircbipoles.tex)
(D:\CTEX\MiKTeX\tex/generic/circuitikz\pgfcirctripoles.tex
\pgf@circ@res@count=\count401
)
(D:\CTEX\MiKTeX\tex/generic/circuitikz\pgfcircquadpoles.tex)
(D:\CTEX\MiKTeX\tex/generic/circuitikz\pgfcircmultipoles.tex)
(D:\CTEX\MiKTeX\tex/generic/circuitikz\pgfcirclabel.tex)
(D:\CTEX\MiKTeX\tex/generic/circuitikz\pgfcircvoltage.tex
\pgfcirc@labelshift=\dimen406
)
(D:\CTEX\MiKTeX\tex/generic/circuitikz\pgfcirccurrent.tex)
(D:\CTEX\MiKTeX\tex/generic/circuitikz\pgfcircflow.tex))
(D:\CTEX\MiKTeX\tex/latex/tools\tabularx.sty
Package: tabularx 2020/01/15 v2.11c `tabularx' package (DPC)

(D:\CTEX\MiKTeX\tex/latex/tools\array.sty
Package: array 2022/09/04 v2.5g Tabular extension package (FMi)
\col@sep=\dimen407
\ar@mcellbox=\box137
\extrarowheight=\dimen408
\NC@list=\toks56
\extratabsurround=\skip168
\backup@length=\skip169
\ar@cellbox=\box138
)
\TX@col@width=\dimen409
\TX@old@table=\dimen410
\TX@old@col=\dimen411
\TX@target=\dimen412
\TX@delta=\dimen413
\TX@cols=\count402
\TX@ftn=\toks57
)
(D:\CTEX\MiKTeX\tex/latex/subfig\subfig.sty
Package: subfig 2005/06/28 ver: 1.3 subfig package

(D:\CTEX\MiKTeX\tex/latex/caption\caption.sty
Package: caption 2023/07/31 v3.6n Customizing captions (AR)

(D:\CTEX\MiKTeX\tex/latex/caption\caption3.sty
Package: caption3 2023/07/31 v2.4d caption3 kernel (AR)
\caption@tempdima=\dimen414
\captionmargin=\dimen415
\caption@leftmargin=\dimen416
\caption@rightmargin=\dimen417
\caption@width=\dimen418
\caption@indent=\dimen419
\caption@parindent=\dimen420
\caption@hangindent=\dimen421
Package caption Info: Standard document class detected.
)
\c@caption@flags=\count403
\c@continuedfloat=\count404
Package caption Info: float package is loaded.
Package caption Info: listings package is loaded.
Package caption Info: rotating package is loaded.
Package caption Info: subfigure package is loaded.
Package caption Info: wrapfig package is loaded.
)
\c@KVtest=\count405
\sf@farskip=\skip170
\sf@captopadj=\dimen422
\sf@capskip=\skip171
\sf@nearskip=\skip172
\sf@top=\skip173
\sf@bottom=\skip174
)
(D:\CTEX\MiKTeX\tex/latex/cleveref\cleveref.sty
Package: cleveref 2018/03/27 v0.21.4 Intelligent cross-referencing
Package cleveref Info: `amsthm' support loaded on input line 3026.
Package cleveref Info: `breqn' support loaded on input line 3109.
Package cleveref Info: `algorithmicx' support loaded on input line 3120.
Package cleveref Info: `listings' support loaded on input line 3131.
Package cleveref Info: `subfig' support loaded on input line 3164.
Package cleveref Info: always capitalise cross-reference names on input line 78
30.
Package cleveref Info: always capitalise cross-reference names on input line 78
52.
) (prj3_16.aux)
\openout1 = `prj3_16.aux'.

LaTeX Font Info:    Checking defaults for OML/cmm/m/it on input line 96.
LaTeX Font Info:    ... okay on input line 96.
LaTeX Font Info:    Checking defaults for OMS/cmsy/m/n on input line 96.
LaTeX Font Info:    ... okay on input line 96.
LaTeX Font Info:    Checking defaults for OT1/cmr/m/n on input line 96.
LaTeX Font Info:    ... okay on input line 96.
LaTeX Font Info:    Checking defaults for T1/cmr/m/n on input line 96.
LaTeX Font Info:    ... okay on input line 96.
LaTeX Font Info:    Checking defaults for TS1/cmr/m/n on input line 96.
LaTeX Font Info:    ... okay on input line 96.
LaTeX Font Info:    Checking defaults for TU/lmr/m/n on input line 96.
LaTeX Font Info:    ... okay on input line 96.
LaTeX Font Info:    Checking defaults for OMX/cmex/m/n on input line 96.
LaTeX Font Info:    ... okay on input line 96.
LaTeX Font Info:    Checking defaults for U/cmr/m/n on input line 96.
LaTeX Font Info:    ... okay on input line 96.

*geometry* driver: auto-detecting
*geometry* detected driver: xetex
*geometry* verbose mode - [ preamble ] result:
* driver: xetex
* paper: a4paper
* layout: <same size as paper>
* layoutoffset:(h,v)=(0.0pt,0.0pt)
* modes: 
* h-part:(L,W,R)=(56.9055pt, 483.69687pt, 56.9055pt)
* v-part:(T,H,B)=(71.13188pt, 702.78308pt, 71.13188pt)
* \paperwidth=597.50787pt
* \paperheight=845.04684pt
* \textwidth=483.69687pt
* \textheight=702.78308pt
* \oddsidemargin=-15.36449pt
* \evensidemargin=-15.36449pt
* \topmargin=-38.1381pt
* \headheight=12.0pt
* \headsep=25.0pt
* \topskip=11.0pt
* \footskip=30.0pt
* \marginparwidth=59.0pt
* \marginparsep=10.0pt
* \columnsep=10.0pt
* \skip\footins=8.99997pt plus 3.99956pt minus 2.00041pt
* \hoffset=0.0pt
* \voffset=0.0pt
* \mag=1000
* \@twocolumnfalse
* \@twosidefalse
* \@mparswitchfalse
* \@reversemarginfalse
* (1in=72.27pt=25.4mm, 1cm=28.453pt)

(D:\CTEX\MiKTeX\tex/latex/pdflscape\pdflscape.sty
Package: pdflscape 2022-10-27 v0.13 Display of landscape pages in PDF

(D:\CTEX\MiKTeX\tex/latex/pdflscape\pdflscape-nometadata.sty
Package: pdflscape-nometadata 2022-10-28 v0.13 Display of landscape pages in PD
F (HO)

(D:\CTEX\MiKTeX\tex/latex/graphics\lscape.sty
Package: lscape 2020/05/28 v3.02 Landscape Pages (DPC)
)
Package pdflscape Info: Auto-detected driver: dvipdfm (xetex) on input line 98.

))
\c@lstlisting=\count406
Package caption Info: Begin \AtBeginDocument code.
Package caption Info: subfig package v1.3 is loaded.
Package caption Info: End \AtBeginDocument code.
 (tex_file/head.tex

Package fontspec Info: Could not resolve font "KaiTi/BI" (it probably doesn't
(fontspec)             exist).


Package fontspec Info: Could not resolve font "KaiTi/B" (it probably doesn't
(fontspec)             exist).


Package fontspec Info: Could not resolve font "KaiTi/I" (it probably doesn't
(fontspec)             exist).


Package fontspec Info: Font family 'KaiTi(0)' created for font 'KaiTi' with
(fontspec)             options [Script={CJK}].
(fontspec)              
(fontspec)              This font family consists of the following NFSS
(fontspec)             series/shapes:
(fontspec)              
(fontspec)             - 'normal' (m/n) with NFSS spec.:
(fontspec)             <->"KaiTi/OT:script=hani;language=dflt;"
(fontspec)             - 'small caps'  (m/sc) with NFSS spec.: 

LaTeX Font Info:    Trying to load font information for U+msa on input line 6.

(D:\CTEX\MiKTeX\tex/latex/amsfonts\umsa.fd
File: umsa.fd 2013/01/14 v3.01 AMS symbols A
)
LaTeX Font Info:    Trying to load font information for U+msb on input line 6.

(D:\CTEX\MiKTeX\tex/latex/amsfonts\umsb.fd
File: umsb.fd 2013/01/14 v3.01 AMS symbols B
)
LaTeX Font Info:    Trying to load font information for U+rsfs on input line 6.


(D:\CTEX\MiKTeX\tex/latex/jknappen\ursfs.fd
File: ursfs.fd 1998/03/24 rsfs font definition file (jk)
))
(D:\CTEX\MiKTeX\tex/latex/listings\lstlang1.sty
File: lstlang1.sty 2023/02/27 1.9 listings language file
)
(D:\CTEX\MiKTeX\tex/latex/listings\lstlang2.sty
File: lstlang2.sty 2023/02/27 1.9 listings language file
)
(D:\CTEX\MiKTeX\tex/latex/listings\lstlang3.sty
File: lstlang3.sty 2023/02/27 1.9 listings language file
)

Package fontspec Info: Could not resolve font "FangSong/BI" (it probably
(fontspec)             doesn't exist).


Package fontspec Info: Could not resolve font "FangSong/B" (it probably
(fontspec)             doesn't exist).


Package fontspec Info: Could not resolve font "FangSong/I" (it probably
(fontspec)             doesn't exist).


Package fontspec Info: Font family 'FangSong(0)' created for font 'FangSong'
(fontspec)             with options [Script={CJK}].
(fontspec)              
(fontspec)              This font family consists of the following NFSS
(fontspec)             series/shapes:
(fontspec)              
(fontspec)             - 'normal' (m/n) with NFSS spec.:
(fontspec)             <->"FangSong/OT:script=hani;language=dflt;"
(fontspec)             - 'small caps'  (m/sc) with NFSS spec.: 

 [1

] [2] [3] [4] [5] [6]
[7] (prj3_16.aux)
 ***********
LaTeX2e <2023-06-01> patch level 1
L3 programming layer <2022/08/05>
 ***********
 ) 
Here is how much of TeX's memory you used:
 47407 strings out of 410379
 1152794 string characters out of 5794141
 2096357 words of memory out of 5000000
 68131 multiletter control sequences out of 15000+600000
 564942 words of font info for 93 fonts, out of 8000000 for 9000
 1348 hyphenation exceptions out of 8191
 108i,6n,133p,565b,1855s stack positions out of 10000i,1000n,20000p,200000b,200000s

Output written on prj3_16.pdf (7 pages).
