Copyright 1986-2019 Xilinx, Inc. All Rights Reserved.
-----------------------------------------------------------------------------------------
| Tool Version : Vivado v.2019.2 (win64) Build 2708876 Wed Nov  6 21:40:23 MST 2019
| Date         : Sun Sep  1 18:59:24 2024
| Host         : AdamJensen running 64-bit major release  (build 9200)
| Command      : report_control_sets -verbose -file soc_lite_top_control_sets_placed.rpt
| Design       : soc_lite_top
| Device       : xc7a200t
-----------------------------------------------------------------------------------------

Control Set Information

Table of Contents
-----------------
1. Summary
2. Histogram
3. Flip-Flop Distribution
4. Detailed Control Set Information

1. Summary
----------

+----------------------------------------------------------+-------+
|                          Status                          | Count |
+----------------------------------------------------------+-------+
| Total control sets                                       |    32 |
|    Minimum number of control sets                        |    32 |
|    Addition due to synthesis replication                 |     0 |
|    Addition due to physical synthesis replication        |     0 |
| Unused register locations in slices containing registers |    60 |
+----------------------------------------------------------+-------+
* Control sets can be merged at opt_design using control_set_merge or merge_equivalent_drivers
** Run report_qor_suggestions for automated merging and remapping suggestions


2. Histogram
------------

+--------------------+-------+
|       Fanout       | Count |
+--------------------+-------+
| Total control sets |    32 |
| >= 0 to < 4        |     2 |
| >= 4 to < 6        |     1 |
| >= 6 to < 8        |     1 |
| >= 8 to < 10       |     1 |
| >= 10 to < 12      |     0 |
| >= 12 to < 14      |     0 |
| >= 14 to < 16      |     0 |
| >= 16              |    27 |
+--------------------+-------+
* Control sets can be remapped at either synth_design or opt_design


3. Flip-Flop Distribution
-------------------------

+--------------+-----------------------+------------------------+-----------------+--------------+
| Clock Enable | Synchronous Set/Reset | Asynchronous Set/Reset | Total Registers | Total Slices |
+--------------+-----------------------+------------------------+-----------------+--------------+
| No           | No                    | No                     |             154 |           34 |
| No           | No                    | Yes                    |               0 |            0 |
| No           | Yes                   | No                     |             326 |          154 |
| Yes          | No                    | No                     |              32 |            5 |
| Yes          | No                    | Yes                    |               0 |            0 |
| Yes          | Yes                   | No                     |             484 |          110 |
+--------------+-----------------------+------------------------+-----------------+--------------+


4. Detailed Control Set Information
-----------------------------------

+-----------------------------+--------------------------------------------------------------------------------------------+------------------------+------------------+----------------+
|         Clock Signal        |                                        Enable Signal                                       |    Set/Reset Signal    | Slice Load Count | Bel Load Count |
+-----------------------------+--------------------------------------------------------------------------------------------+------------------------+------------------+----------------+
|  pll.clk_pll/inst/cpu_clk   | u_confreg/step0_sample                                                                     | u_confreg/SR[0]        |                1 |              1 |
|  pll.clk_pll/inst/cpu_clk   | u_confreg/step1_sample                                                                     | u_confreg/SR[0]        |                1 |              1 |
|  pll.clk_pll/inst/cpu_clk   |                                                                                            | u_confreg/state_count0 |                1 |              4 |
|  pll.clk_pll/inst/cpu_clk   | u_confreg/p_0_in_1                                                                         | u_confreg/SR[0]        |                3 |              6 |
|  pll.clk_pll/inst/cpu_clk   | cpu/u_regfile/virtual_uart_data[7]_i_2_0[0]                                                | u_confreg/SR[0]        |                1 |              8 |
|  pll.clk_pll/inst/cpu_clk   |                                                                                            | u_confreg/key_count0   |                5 |             20 |
|  pll.clk_pll/inst/cpu_clk   |                                                                                            | u_confreg/step0_count0 |                5 |             20 |
|  pll.clk_pll/inst/cpu_clk   |                                                                                            | u_confreg/step1_count0 |                5 |             20 |
|  pll.clk_pll/inst/cpu_clk   | cpu/u_regfile/E[0]                                                                         | u_confreg/SR[0]        |               15 |             32 |
|  pll.clk_pll/inst/cpu_clk   | cpu/u_regfile/cpu_resetn_reg[0]                                                            |                        |                5 |             32 |
|  pll.clk_pll/inst/cpu_clk   | cpu/u_regfile/cr0[31]_i_2_0[0]                                                             | u_confreg/SR[0]        |                6 |             32 |
|  pll.clk_pll/inst/cpu_clk   | cpu/u_regfile/cr0[31]_i_2_1[0]                                                             | u_confreg/SR[0]        |                6 |             32 |
|  pll.clk_pll/inst/cpu_clk   | cpu/u_regfile/cr1[31]_i_2_0[0]                                                             | u_confreg/SR[0]        |                4 |             32 |
|  pll.clk_pll/inst/cpu_clk   | cpu/u_regfile/cr1[31]_i_6_0[0]                                                             | u_confreg/SR[0]        |                5 |             32 |
|  pll.clk_pll/inst/cpu_clk   | cpu/u_regfile/cr2[31]_i_2_0[0]                                                             | u_confreg/SR[0]        |                6 |             32 |
|  pll.clk_pll/inst/cpu_clk   | cpu/u_regfile/cr3[31]_i_3_0[0]                                                             | u_confreg/SR[0]        |                4 |             32 |
|  pll.clk_pll/inst/cpu_clk   | cpu/u_regfile/rf_reg_r1_0_31_0_5_i_35_1[0]                                                 | u_confreg/SR[0]        |                7 |             32 |
|  pll.clk_pll/inst/cpu_clk   | cpu/u_regfile/rf_reg_r1_0_31_0_5_i_35_0[0]                                                 | u_confreg/SR[0]        |                7 |             32 |
|  pll.clk_pll/inst/timer_clk |                                                                                            | u_confreg/SR[0]        |                8 |             32 |
|  pll.clk_pll/inst/cpu_clk   | cpu/u_regfile/led_rg0_data[31]_i_4_0[0]                                                    | u_confreg/SR[0]        |                5 |             34 |
|  pll.clk_pll/inst/cpu_clk   | cpu/u_regfile/led_data[31]_i_5_1[0]                                                        | u_confreg/SR[0]        |                5 |             34 |
|  pll.clk_pll/inst/cpu_clk   |                                                                                            | u_confreg/SR[0]        |               16 |             42 |
|  pll.clk_pll/inst/cpu_clk   | cpu/u_regfile/led_data[31]_i_5_0[0]                                                        | u_confreg/SR[0]        |               15 |             48 |
|  pll.clk_pll/inst/cpu_clk   | cpu/u_regfile/led_rg0_data[31]_i_4_1[0]                                                    | u_confreg/SR[0]        |               19 |             64 |
|  pll.clk_pll/inst/timer_clk |                                                                                            |                        |               12 |             67 |
|  pll.clk_pll/inst/cpu_clk   | cpu/u_regfile/rf_reg_r1_0_31_0_5_i_1_n_0                                                   |                        |               12 |             96 |
|  pll.clk_pll/inst/cpu_clk   | data_ram/U0/synth_options.dist_mem_inst/gen_sp_ram.spram_inst/ram_reg_512_767_0_0_i_1_n_0  |                        |               32 |            128 |
|  pll.clk_pll/inst/cpu_clk   | data_ram/U0/synth_options.dist_mem_inst/gen_sp_ram.spram_inst/ram_reg_256_511_0_0_i_1_n_0  |                        |               32 |            128 |
|  pll.clk_pll/inst/cpu_clk   | data_ram/U0/synth_options.dist_mem_inst/gen_sp_ram.spram_inst/ram_reg_768_1023_0_0_i_1_n_0 |                        |               32 |            128 |
|  pll.clk_pll/inst/cpu_clk   | data_ram/U0/synth_options.dist_mem_inst/gen_sp_ram.spram_inst/ram_reg_0_255_0_0_i_1_n_0    |                        |               32 |            128 |
|  pll.clk_pll/inst/cpu_clk   |                                                                                            | cpu/reset              |              114 |            188 |
|  pll.clk_pll/inst/cpu_clk   |                                                                                            |                        |             4118 |          16471 |
+-----------------------------+--------------------------------------------------------------------------------------------+------------------------+------------------+----------------+


